Collecting streamlit==1.33.0
  Using cached streamlit-1.33.0-py2.py3-none-any.whl.metadata (8.5 kB)
Collecting altair<6,>=4.0 (from streamlit==1.33.0)
  Using cached altair-5.5.0-py3-none-any.whl.metadata (11 kB)
Collecting blinker<2,>=1.0.0 (from streamlit==1.33.0)
  Using cached blinker-1.9.0-py3-none-any.whl.metadata (1.6 kB)
Collecting cachetools<6,>=4.0 (from streamlit==1.33.0)
  Using cached cachetools-5.5.2-py3-none-any.whl.metadata (5.4 kB)
Collecting click<9,>=7.0 (from streamlit==1.33.0)
  Using cached click-8.3.0-py3-none-any.whl.metadata (2.6 kB)
Collecting numpy<2,>=1.19.3 (from streamlit==1.33.0)
  Using cached numpy-1.26.4-cp314-cp314-macosx_26_0_arm64.whl
Collecting packaging<25,>=16.8 (from streamlit==1.33.0)
  Using cached packaging-24.2-py3-none-any.whl.metadata (3.2 kB)
Requirement already satisfied: pandas<3,>=1.3.0 in /Library/Frameworks/Python.framework/Versions/3.14/lib/python3.14/site-packages (from streamlit==1.33.0) (2.2.2)
Collecting pillow<11,>=7.1.0 (from streamlit==1.33.0)
  Using cached pillow-10.4.0.tar.gz (46.6 MB)
  Installing build dependencies: started
  Installing build dependencies: finished with status 'done'
  Getting requirements to build wheel: started
  Getting requirements to build wheel: finished with status 'done'
  Preparing metadata (pyproject.toml): started
  Preparing metadata (pyproject.toml): finished with status 'done'
Collecting protobuf<5,>=3.20 (from streamlit==1.33.0)
  Using cached protobuf-4.25.8-cp37-abi3-macosx_10_9_universal2.whl.metadata (541 bytes)
Collecting pyarrow>=7.0 (from streamlit==1.33.0)
  Using cached pyarrow-22.0.0-cp314-cp314-macosx_12_0_arm64.whl.metadata (3.2 kB)
Collecting requests<3,>=2.27 (from streamlit==1.33.0)
  Using cached requests-2.32.5-py3-none-any.whl.metadata (4.9 kB)
Collecting rich<14,>=10.14.0 (from streamlit==1.33.0)
  Using cached rich-13.9.4-py3-none-any.whl.metadata (18 kB)
Collecting tenacity<9,>=8.1.0 (from streamlit==1.33.0)
  Using cached tenacity-8.5.0-py3-none-any.whl.metadata (1.2 kB)
Collecting toml<2,>=0.10.1 (from streamlit==1.33.0)
  Using cached toml-0.10.2-py2.py3-none-any.whl.metadata (7.1 kB)
Collecting typing-extensions<5,>=4.3.0 (from streamlit==1.33.0)
  Using cached typing_extensions-4.15.0-py3-none-any.whl.metadata (3.3 kB)
Collecting gitpython!=3.1.19,<4,>=3.0.7 (from streamlit==1.33.0)
  Using cached gitpython-3.1.45-py3-none-any.whl.metadata (13 kB)
Collecting pydeck<1,>=0.8.0b4 (from streamlit==1.33.0)
  Using cached pydeck-0.9.1-py2.py3-none-any.whl.metadata (4.1 kB)
Collecting tornado<7,>=6.0.3 (from streamlit==1.33.0)
  Using cached tornado-6.5.2-cp39-abi3-macosx_10_9_universal2.whl.metadata (2.8 kB)
Collecting jinja2 (from altair<6,>=4.0->streamlit==1.33.0)
  Using cached jinja2-3.1.6-py3-none-any.whl.metadata (2.9 kB)
Collecting jsonschema>=3.0 (from altair<6,>=4.0->streamlit==1.33.0)
  Using cached jsonschema-4.25.1-py3-none-any.whl.metadata (7.6 kB)
Collecting narwhals>=1.14.2 (from altair<6,>=4.0->streamlit==1.33.0)
  Using cached narwhals-2.11.0-py3-none-any.whl.metadata (11 kB)
Collecting gitdb<5,>=4.0.1 (from gitpython!=3.1.19,<4,>=3.0.7->streamlit==1.33.0)
  Using cached gitdb-4.0.12-py3-none-any.whl.metadata (1.2 kB)
Collecting smmap<6,>=3.0.1 (from gitdb<5,>=4.0.1->gitpython!=3.1.19,<4,>=3.0.7->streamlit==1.33.0)
  Using cached smmap-5.0.2-py3-none-any.whl.metadata (4.3 kB)
Requirement already satisfied: python-dateutil>=2.8.2 in /Library/Frameworks/Python.framework/Versions/3.14/lib/python3.14/site-packages (from pandas<3,>=1.3.0->streamlit==1.33.0) (2.9.0.post0)
Requirement already satisfied: pytz>=2020.1 in /Library/Frameworks/Python.framework/Versions/3.14/lib/python3.14/site-packages (from pandas<3,>=1.3.0->streamlit==1.33.0) (2025.2)
Requirement already satisfied: tzdata>=2022.7 in /Library/Frameworks/Python.framework/Versions/3.14/lib/python3.14/site-packages (from pandas<3,>=1.3.0->streamlit==1.33.0) (2025.2)
Collecting charset_normalizer<4,>=2 (from requests<3,>=2.27->streamlit==1.33.0)
  Using cached charset_normalizer-3.4.4-cp314-cp314-macosx_10_13_universal2.whl.metadata (37 kB)
Collecting idna<4,>=2.5 (from requests<3,>=2.27->streamlit==1.33.0)
  Using cached idna-3.11-py3-none-any.whl.metadata (8.4 kB)
Collecting urllib3<3,>=1.21.1 (from requests<3,>=2.27->streamlit==1.33.0)
  Using cached urllib3-2.5.0-py3-none-any.whl.metadata (6.5 kB)
Collecting certifi>=2017.4.17 (from requests<3,>=2.27->streamlit==1.33.0)
  Using cached certifi-2025.10.5-py3-none-any.whl.metadata (2.5 kB)
Collecting markdown-it-py>=2.2.0 (from rich<14,>=10.14.0->streamlit==1.33.0)
  Using cached markdown_it_py-4.0.0-py3-none-any.whl.metadata (7.3 kB)
Collecting pygments<3.0.0,>=2.13.0 (from rich<14,>=10.14.0->streamlit==1.33.0)
  Using cached pygments-2.19.2-py3-none-any.whl.metadata (2.5 kB)
Collecting MarkupSafe>=2.0 (from jinja2->altair<6,>=4.0->streamlit==1.33.0)
  Using cached markupsafe-3.0.3-cp314-cp314-macosx_11_0_arm64.whl.metadata (2.7 kB)
Collecting attrs>=22.2.0 (from jsonschema>=3.0->altair<6,>=4.0->streamlit==1.33.0)
  Using cached attrs-25.4.0-py3-none-any.whl.metadata (10 kB)
Collecting jsonschema-specifications>=2023.03.6 (from jsonschema>=3.0->altair<6,>=4.0->streamlit==1.33.0)
  Using cached jsonschema_specifications-2025.9.1-py3-none-any.whl.metadata (2.9 kB)
Collecting referencing>=0.28.4 (from jsonschema>=3.0->altair<6,>=4.0->streamlit==1.33.0)
  Using cached referencing-0.37.0-py3-none-any.whl.metadata (2.8 kB)
Collecting rpds-py>=0.7.1 (from jsonschema>=3.0->altair<6,>=4.0->streamlit==1.33.0)
  Using cached rpds_py-0.28.0-cp314-cp314-macosx_11_0_arm64.whl.metadata (4.1 kB)
Collecting mdurl~=0.1 (from markdown-it-py>=2.2.0->rich<14,>=10.14.0->streamlit==1.33.0)
  Using cached mdurl-0.1.2-py3-none-any.whl.metadata (1.6 kB)
Requirement already satisfied: six>=1.5 in /Library/Frameworks/Python.framework/Versions/3.14/lib/python3.14/site-packages (from python-dateutil>=2.8.2->pandas<3,>=1.3.0->streamlit==1.33.0) (1.17.0)
Using cached streamlit-1.33.0-py2.py3-none-any.whl (8.1 MB)
Using cached altair-5.5.0-py3-none-any.whl (731 kB)
Using cached blinker-1.9.0-py3-none-any.whl (8.5 kB)
Using cached cachetools-5.5.2-py3-none-any.whl (10 kB)
Using cached click-8.3.0-py3-none-any.whl (107 kB)
Using cached gitpython-3.1.45-py3-none-any.whl (208 kB)
Using cached gitdb-4.0.12-py3-none-any.whl (62 kB)
Using cached packaging-24.2-py3-none-any.whl (65 kB)
Using cached protobuf-4.25.8-cp37-abi3-macosx_10_9_universal2.whl (394 kB)
Using cached pydeck-0.9.1-py2.py3-none-any.whl (6.9 MB)
Using cached requests-2.32.5-py3-none-any.whl (64 kB)
Using cached charset_normalizer-3.4.4-cp314-cp314-macosx_10_13_universal2.whl (207 kB)
Using cached idna-3.11-py3-none-any.whl (71 kB)
Using cached rich-13.9.4-py3-none-any.whl (242 kB)
Using cached pygments-2.19.2-py3-none-any.whl (1.2 MB)
Using cached smmap-5.0.2-py3-none-any.whl (24 kB)
Using cached tenacity-8.5.0-py3-none-any.whl (28 kB)
Using cached toml-0.10.2-py2.py3-none-any.whl (16 kB)
Using cached tornado-6.5.2-cp39-abi3-macosx_10_9_universal2.whl (442 kB)
Using cached typing_extensions-4.15.0-py3-none-any.whl (44 kB)
Using cached urllib3-2.5.0-py3-none-any.whl (129 kB)
Using cached certifi-2025.10.5-py3-none-any.whl (163 kB)
Using cached jinja2-3.1.6-py3-none-any.whl (134 kB)
Using cached jsonschema-4.25.1-py3-none-any.whl (90 kB)
Using cached attrs-25.4.0-py3-none-any.whl (67 kB)
Using cached jsonschema_specifications-2025.9.1-py3-none-any.whl (18 kB)
Using cached markdown_it_py-4.0.0-py3-none-any.whl (87 kB)
Using cached mdurl-0.1.2-py3-none-any.whl (10.0 kB)
Using cached markupsafe-3.0.3-cp314-cp314-macosx_11_0_arm64.whl (12 kB)
Using cached narwhals-2.11.0-py3-none-any.whl (423 kB)
Using cached pyarrow-22.0.0-cp314-cp314-macosx_12_0_arm64.whl (34.2 MB)
Using cached referencing-0.37.0-py3-none-any.whl (26 kB)
Using cached rpds_py-0.28.0-cp314-cp314-macosx_11_0_arm64.whl (341 kB)
Building wheels for collected packages: pillow
  Building wheel for pillow (pyproject.toml): started
  Building wheel for pillow (pyproject.toml): finished with status 'error'
  error: subprocess-exited-with-error
  
  × Building wheel for pillow (pyproject.toml) did not run successfully.
  │ exit code: 1
  ╰─> [283 lines of output]
      /private/var/folders/qv/xq09wxnx48d571rvb_fgr5kc0000gn/T/pip-build-env-y28twmk6/overlay/lib/python3.14/site-packages/setuptools/config/_apply_pyprojecttoml.py:82: SetuptoolsDeprecationWarning: `project.license` as a TOML table is deprecated
      !!
      
              ********************************************************************************
              Please use a simple string containing a SPDX expression for `project.license`. You can also use `project.license-files`. (Both options available on setuptools>=77.0.0).
      
              By 2026-Feb-18, you need to update your project and remove deprecated calls
              or your builds will no longer be supported.
      
              See https://packaging.python.org/en/latest/guides/writing-pyproject-toml/#license for details.
              ********************************************************************************
      
      !!
        corresp(dist, value, root_dir)
      /private/var/folders/qv/xq09wxnx48d571rvb_fgr5kc0000gn/T/pip-build-env-y28twmk6/overlay/lib/python3.14/site-packages/setuptools/config/_apply_pyprojecttoml.py:61: SetuptoolsDeprecationWarning: License classifiers are deprecated.
      !!
      
              ********************************************************************************
              Please consider removing the following classifiers in favor of a SPDX license expression:
      
              License :: OSI Approved :: Historical Permission Notice and Disclaimer (HPND)
      
              See https://packaging.python.org/en/latest/guides/writing-pyproject-toml/#license for details.
              ********************************************************************************
      
      !!
        dist._finalize_license_expression()
      /private/var/folders/qv/xq09wxnx48d571rvb_fgr5kc0000gn/T/pip-build-env-y28twmk6/overlay/lib/python3.14/site-packages/setuptools/dist.py:759: SetuptoolsDeprecationWarning: License classifiers are deprecated.
      !!
      
              ********************************************************************************
              Please consider removing the following classifiers in favor of a SPDX license expression:
      
              License :: OSI Approved :: Historical Permission Notice and Disclaimer (HPND)
      
              See https://packaging.python.org/en/latest/guides/writing-pyproject-toml/#license for details.
              ********************************************************************************
      
      !!
        self._finalize_license_expression()
      running bdist_wheel
      running build
      running build_py
      creating build/lib.macosx-10.15-universal2-cpython-314/PIL
      copying src/PIL/MpoImagePlugin.py -> build/lib.macosx-10.15-universal2-cpython-314/PIL
      copying src/PIL/ImageMode.py -> build/lib.macosx-10.15-universal2-cpython-314/PIL
      copying src/PIL/PngImagePlugin.py -> build/lib.macosx-10.15-universal2-cpython-314/PIL
      copying src/PIL/XbmImagePlugin.py -> build/lib.macosx-10.15-universal2-cpython-314/PIL
      copying src/PIL/PcxImagePlugin.py -> build/lib.macosx-10.15-universal2-cpython-314/PIL
      copying src/PIL/SunImagePlugin.py -> build/lib.macosx-10.15-universal2-cpython-314/PIL
      copying src/PIL/ImageFile.py -> build/lib.macosx-10.15-universal2-cpython-314/PIL
      copying src/PIL/SpiderImagePlugin.py -> build/lib.macosx-10.15-universal2-cpython-314/PIL
      copying src/PIL/TarIO.py -> build/lib.macosx-10.15-universal2-cpython-314/PIL
      copying src/PIL/MpegImagePlugin.py -> build/lib.macosx-10.15-universal2-cpython-314/PIL
      copying src/PIL/BdfFontFile.py -> build/lib.macosx-10.15-universal2-cpython-314/PIL
      copying src/PIL/GribStubImagePlugin.py -> build/lib.macosx-10.15-universal2-cpython-314/PIL
      copying src/PIL/ImageStat.py -> build/lib.macosx-10.15-universal2-cpython-314/PIL
      copying src/PIL/PixarImagePlugin.py -> build/lib.macosx-10.15-universal2-cpython-314/PIL
      copying src/PIL/GimpPaletteFile.py -> build/lib.macosx-10.15-universal2-cpython-314/PIL
      copying src/PIL/ImageColor.py -> build/lib.macosx-10.15-universal2-cpython-314/PIL
      copying src/PIL/QoiImagePlugin.py -> build/lib.macosx-10.15-universal2-cpython-314/PIL
      copying src/PIL/ContainerIO.py -> build/lib.macosx-10.15-universal2-cpython-314/PIL
      copying src/PIL/_typing.py -> build/lib.macosx-10.15-universal2-cpython-314/PIL
      copying src/PIL/MspImagePlugin.py -> build/lib.macosx-10.15-universal2-cpython-314/PIL
      copying src/PIL/MicImagePlugin.py -> build/lib.macosx-10.15-universal2-cpython-314/PIL
      copying src/PIL/_version.py -> build/lib.macosx-10.15-universal2-cpython-314/PIL
      copying src/PIL/ImtImagePlugin.py -> build/lib.macosx-10.15-universal2-cpython-314/PIL
      copying src/PIL/GifImagePlugin.py -> build/lib.macosx-10.15-universal2-cpython-314/PIL
      copying src/PIL/PalmImagePlugin.py -> build/lib.macosx-10.15-universal2-cpython-314/PIL
      copying src/PIL/ImageQt.py -> build/lib.macosx-10.15-universal2-cpython-314/PIL
      copying src/PIL/ImageMath.py -> build/lib.macosx-10.15-universal2-cpython-314/PIL
      copying src/PIL/PaletteFile.py -> build/lib.macosx-10.15-universal2-cpython-314/PIL
      copying src/PIL/FontFile.py -> build/lib.macosx-10.15-universal2-cpython-314/PIL
      copying src/PIL/PdfParser.py -> build/lib.macosx-10.15-universal2-cpython-314/PIL
      copying src/PIL/ExifTags.py -> build/lib.macosx-10.15-universal2-cpython-314/PIL
      copying src/PIL/ImageCms.py -> build/lib.macosx-10.15-universal2-cpython-314/PIL
      copying src/PIL/FpxImagePlugin.py -> build/lib.macosx-10.15-universal2-cpython-314/PIL
      copying src/PIL/ImageChops.py -> build/lib.macosx-10.15-universal2-cpython-314/PIL
      copying src/PIL/_deprecate.py -> build/lib.macosx-10.15-universal2-cpython-314/PIL
      copying src/PIL/BufrStubImagePlugin.py -> build/lib.macosx-10.15-universal2-cpython-314/PIL
      copying src/PIL/PSDraw.py -> build/lib.macosx-10.15-universal2-cpython-314/PIL
      copying src/PIL/PcdImagePlugin.py -> build/lib.macosx-10.15-universal2-cpython-314/PIL
      copying src/PIL/ImageFilter.py -> build/lib.macosx-10.15-universal2-cpython-314/PIL
      copying src/PIL/ImageDraw2.py -> build/lib.macosx-10.15-universal2-cpython-314/PIL
      copying src/PIL/ImagePath.py -> build/lib.macosx-10.15-universal2-cpython-314/PIL
      copying src/PIL/DcxImagePlugin.py -> build/lib.macosx-10.15-universal2-cpython-314/PIL
      copying src/PIL/__init__.py -> build/lib.macosx-10.15-universal2-cpython-314/PIL
      copying src/PIL/JpegPresets.py -> build/lib.macosx-10.15-universal2-cpython-314/PIL
      copying src/PIL/Hdf5StubImagePlugin.py -> build/lib.macosx-10.15-universal2-cpython-314/PIL
      copying src/PIL/features.py -> build/lib.macosx-10.15-universal2-cpython-314/PIL
      copying src/PIL/ImageDraw.py -> build/lib.macosx-10.15-universal2-cpython-314/PIL
      copying src/PIL/GimpGradientFile.py -> build/lib.macosx-10.15-universal2-cpython-314/PIL
      copying src/PIL/ImageWin.py -> build/lib.macosx-10.15-universal2-cpython-314/PIL
      copying src/PIL/IcoImagePlugin.py -> build/lib.macosx-10.15-universal2-cpython-314/PIL
      copying src/PIL/_tkinter_finder.py -> build/lib.macosx-10.15-universal2-cpython-314/PIL
      copying src/PIL/EpsImagePlugin.py -> build/lib.macosx-10.15-universal2-cpython-314/PIL
      copying src/PIL/TgaImagePlugin.py -> build/lib.macosx-10.15-universal2-cpython-314/PIL
      copying src/PIL/ImageMorph.py -> build/lib.macosx-10.15-universal2-cpython-314/PIL
      copying src/PIL/Jpeg2KImagePlugin.py -> build/lib.macosx-10.15-universal2-cpython-314/PIL
      copying src/PIL/WalImageFile.py -> build/lib.macosx-10.15-universal2-cpython-314/PIL
      copying src/PIL/PcfFontFile.py -> build/lib.macosx-10.15-universal2-cpython-314/PIL
      copying src/PIL/BlpImagePlugin.py -> build/lib.macosx-10.15-universal2-cpython-314/PIL
      copying src/PIL/ImageTk.py -> build/lib.macosx-10.15-universal2-cpython-314/PIL
      copying src/PIL/GbrImagePlugin.py -> build/lib.macosx-10.15-universal2-cpython-314/PIL
      copying src/PIL/ImageOps.py -> build/lib.macosx-10.15-universal2-cpython-314/PIL
      copying src/PIL/PdfImagePlugin.py -> build/lib.macosx-10.15-universal2-cpython-314/PIL
      copying src/PIL/ImageShow.py -> build/lib.macosx-10.15-universal2-cpython-314/PIL
      copying src/PIL/ImageEnhance.py -> build/lib.macosx-10.15-universal2-cpython-314/PIL
      copying src/PIL/WmfImagePlugin.py -> build/lib.macosx-10.15-universal2-cpython-314/PIL
      copying src/PIL/ImageGrab.py -> build/lib.macosx-10.15-universal2-cpython-314/PIL
      copying src/PIL/WebPImagePlugin.py -> build/lib.macosx-10.15-universal2-cpython-314/PIL
      copying src/PIL/FliImagePlugin.py -> build/lib.macosx-10.15-universal2-cpython-314/PIL
      copying src/PIL/TiffTags.py -> build/lib.macosx-10.15-universal2-cpython-314/PIL
      copying src/PIL/CurImagePlugin.py -> build/lib.macosx-10.15-universal2-cpython-314/PIL
      copying src/PIL/_util.py -> build/lib.macosx-10.15-universal2-cpython-314/PIL
      copying src/PIL/GdImageFile.py -> build/lib.macosx-10.15-universal2-cpython-314/PIL
      copying src/PIL/TiffImagePlugin.py -> build/lib.macosx-10.15-universal2-cpython-314/PIL
      copying src/PIL/IptcImagePlugin.py -> build/lib.macosx-10.15-universal2-cpython-314/PIL
      copying src/PIL/ImagePalette.py -> build/lib.macosx-10.15-universal2-cpython-314/PIL
      copying src/PIL/BmpImagePlugin.py -> build/lib.macosx-10.15-universal2-cpython-314/PIL
      copying src/PIL/ImageTransform.py -> build/lib.macosx-10.15-universal2-cpython-314/PIL
      copying src/PIL/IcnsImagePlugin.py -> build/lib.macosx-10.15-universal2-cpython-314/PIL
      copying src/PIL/McIdasImagePlugin.py -> build/lib.macosx-10.15-universal2-cpython-314/PIL
      copying src/PIL/FitsImagePlugin.py -> build/lib.macosx-10.15-universal2-cpython-314/PIL
      copying src/PIL/XpmImagePlugin.py -> build/lib.macosx-10.15-universal2-cpython-314/PIL
      copying src/PIL/DdsImagePlugin.py -> build/lib.macosx-10.15-universal2-cpython-314/PIL
      copying src/PIL/ImageSequence.py -> build/lib.macosx-10.15-universal2-cpython-314/PIL
      copying src/PIL/PyAccess.py -> build/lib.macosx-10.15-universal2-cpython-314/PIL
      copying src/PIL/_binary.py -> build/lib.macosx-10.15-universal2-cpython-314/PIL
      copying src/PIL/Image.py -> build/lib.macosx-10.15-universal2-cpython-314/PIL
      copying src/PIL/__main__.py -> build/lib.macosx-10.15-universal2-cpython-314/PIL
      copying src/PIL/XVThumbImagePlugin.py -> build/lib.macosx-10.15-universal2-cpython-314/PIL
      copying src/PIL/SgiImagePlugin.py -> build/lib.macosx-10.15-universal2-cpython-314/PIL
      copying src/PIL/report.py -> build/lib.macosx-10.15-universal2-cpython-314/PIL
      copying src/PIL/ImImagePlugin.py -> build/lib.macosx-10.15-universal2-cpython-314/PIL
      copying src/PIL/PsdImagePlugin.py -> build/lib.macosx-10.15-universal2-cpython-314/PIL
      copying src/PIL/JpegImagePlugin.py -> build/lib.macosx-10.15-universal2-cpython-314/PIL
      copying src/PIL/ImageFont.py -> build/lib.macosx-10.15-universal2-cpython-314/PIL
      copying src/PIL/PpmImagePlugin.py -> build/lib.macosx-10.15-universal2-cpython-314/PIL
      copying src/PIL/FtexImagePlugin.py -> build/lib.macosx-10.15-universal2-cpython-314/PIL
      running egg_info
      writing src/pillow.egg-info/PKG-INFO
      writing dependency_links to src/pillow.egg-info/dependency_links.txt
      writing requirements to src/pillow.egg-info/requires.txt
      writing top-level names to src/pillow.egg-info/top_level.txt
      reading manifest file 'src/pillow.egg-info/SOURCES.txt'
      reading manifest template 'MANIFEST.in'
      warning: no files found matching '*.c'
      warning: no files found matching '*.h'
      warning: no files found matching '*.sh'
      warning: no files found matching '*.txt'
      warning: no files found matching '.flake8'
      warning: no previously-included files found matching '.appveyor.yml'
      warning: no previously-included files found matching '.clang-format'
      warning: no previously-included files found matching '.coveragerc'
      warning: no previously-included files found matching '.editorconfig'
      warning: no previously-included files found matching '.readthedocs.yml'
      warning: no previously-included files found matching 'codecov.yml'
      warning: no previously-included files found matching 'renovate.json'
      warning: no previously-included files matching '.git*' found anywhere in distribution
      warning: no previously-included files matching '*.so' found anywhere in distribution
      no previously-included directories found matching '.ci'
      no previously-included directories found matching 'wheels'
      adding license file 'LICENSE'
      writing manifest file 'src/pillow.egg-info/SOURCES.txt'
      copying src/PIL/_imaging.pyi -> build/lib.macosx-10.15-universal2-cpython-314/PIL
      copying src/PIL/_imagingcms.pyi -> build/lib.macosx-10.15-universal2-cpython-314/PIL
      copying src/PIL/_imagingft.pyi -> build/lib.macosx-10.15-universal2-cpython-314/PIL
      copying src/PIL/_imagingmath.pyi -> build/lib.macosx-10.15-universal2-cpython-314/PIL
      copying src/PIL/_imagingmorph.pyi -> build/lib.macosx-10.15-universal2-cpython-314/PIL
      copying src/PIL/_webp.pyi -> build/lib.macosx-10.15-universal2-cpython-314/PIL
      copying src/PIL/py.typed -> build/lib.macosx-10.15-universal2-cpython-314/PIL
      running build_ext
      
      
      The headers or library files could not be found for jpeg,
      a required dependency when compiling Pillow from source.
      
      Please see the install instructions at:
         https://pillow.readthedocs.io/en/latest/installation/basic-installation.html
      
      Traceback (most recent call last):
        File "<string>", line 1012, in <module>
        File "/private/var/folders/qv/xq09wxnx48d571rvb_fgr5kc0000gn/T/pip-build-env-y28twmk6/overlay/lib/python3.14/site-packages/setuptools/__init__.py", line 115, in setup
          return distutils.core.setup(**attrs)
                 ~~~~~~~~~~~~~~~~~~~~^^^^^^^^^
        File "/private/var/folders/qv/xq09wxnx48d571rvb_fgr5kc0000gn/T/pip-build-env-y28twmk6/overlay/lib/python3.14/site-packages/setuptools/_distutils/core.py", line 186, in setup
          return run_commands(dist)
        File "/private/var/folders/qv/xq09wxnx48d571rvb_fgr5kc0000gn/T/pip-build-env-y28twmk6/overlay/lib/python3.14/site-packages/setuptools/_distutils/core.py", line 202, in run_commands
          dist.run_commands()
          ~~~~~~~~~~~~~~~~~^^
        File "/private/var/folders/qv/xq09wxnx48d571rvb_fgr5kc0000gn/T/pip-build-env-y28twmk6/overlay/lib/python3.14/site-packages/setuptools/_distutils/dist.py", line 1002, in run_commands
          self.run_command(cmd)
          ~~~~~~~~~~~~~~~~^^^^^
        File "/private/var/folders/qv/xq09wxnx48d571rvb_fgr5kc0000gn/T/pip-build-env-y28twmk6/overlay/lib/python3.14/site-packages/setuptools/dist.py", line 1102, in run_command
          super().run_command(command)
          ~~~~~~~~~~~~~~~~~~~^^^^^^^^^
        File "/private/var/folders/qv/xq09wxnx48d571rvb_fgr5kc0000gn/T/pip-build-env-y28twmk6/overlay/lib/python3.14/site-packages/setuptools/_distutils/dist.py", line 1021, in run_command
          cmd_obj.run()
          ~~~~~~~~~~~^^
        File "/private/var/folders/qv/xq09wxnx48d571rvb_fgr5kc0000gn/T/pip-build-env-y28twmk6/overlay/lib/python3.14/site-packages/setuptools/command/bdist_wheel.py", line 370, in run
          self.run_command("build")
          ~~~~~~~~~~~~~~~~^^^^^^^^^
        File "/private/var/folders/qv/xq09wxnx48d571rvb_fgr5kc0000gn/T/pip-build-env-y28twmk6/overlay/lib/python3.14/site-packages/setuptools/_distutils/cmd.py", line 357, in run_command
          self.distribution.run_command(command)
          ~~~~~~~~~~~~~~~~~~~~~~~~~~~~~^^^^^^^^^
        File "/private/var/folders/qv/xq09wxnx48d571rvb_fgr5kc0000gn/T/pip-build-env-y28twmk6/overlay/lib/python3.14/site-packages/setuptools/dist.py", line 1102, in run_command
          super().run_command(command)
          ~~~~~~~~~~~~~~~~~~~^^^^^^^^^
        File "/private/var/folders/qv/xq09wxnx48d571rvb_fgr5kc0000gn/T/pip-build-env-y28twmk6/overlay/lib/python3.14/site-packages/setuptools/_distutils/dist.py", line 1021, in run_command
          cmd_obj.run()
          ~~~~~~~~~~~^^
        File "/private/var/folders/qv/xq09wxnx48d571rvb_fgr5kc0000gn/T/pip-build-env-y28twmk6/overlay/lib/python3.14/site-packages/setuptools/_distutils/command/build.py", line 135, in run
          self.run_command(cmd_name)
          ~~~~~~~~~~~~~~~~^^^^^^^^^^
        File "/private/var/folders/qv/xq09wxnx48d571rvb_fgr5kc0000gn/T/pip-build-env-y28twmk6/overlay/lib/python3.14/site-packages/setuptools/_distutils/cmd.py", line 357, in run_command
          self.distribution.run_command(command)
          ~~~~~~~~~~~~~~~~~~~~~~~~~~~~~^^^^^^^^^
        File "/private/var/folders/qv/xq09wxnx48d571rvb_fgr5kc0000gn/T/pip-build-env-y28twmk6/overlay/lib/python3.14/site-packages/setuptools/dist.py", line 1102, in run_command
          super().run_command(command)
          ~~~~~~~~~~~~~~~~~~~^^^^^^^^^
        File "/private/var/folders/qv/xq09wxnx48d571rvb_fgr5kc0000gn/T/pip-build-env-y28twmk6/overlay/lib/python3.14/site-packages/setuptools/_distutils/dist.py", line 1021, in run_command
          cmd_obj.run()
          ~~~~~~~~~~~^^
        File "/private/var/folders/qv/xq09wxnx48d571rvb_fgr5kc0000gn/T/pip-build-env-y28twmk6/overlay/lib/python3.14/site-packages/setuptools/command/build_ext.py", line 96, in run
          _build_ext.run(self)
          ~~~~~~~~~~~~~~^^^^^^
        File "/private/var/folders/qv/xq09wxnx48d571rvb_fgr5kc0000gn/T/pip-build-env-y28twmk6/overlay/lib/python3.14/site-packages/setuptools/_distutils/command/build_ext.py", line 368, in run
          self.build_extensions()
          ~~~~~~~~~~~~~~~~~~~~~^^
        File "<string>", line 829, in build_extensions
      RequiredDependencyException: jpeg
      
      During handling of the above exception, another exception occurred:
      
      Traceback (most recent call last):
        File "/Library/Frameworks/Python.framework/Versions/3.14/lib/python3.14/site-packages/pip/_vendor/pyproject_hooks/_in_process/_in_process.py", line 389, in <module>
          main()
          ~~~~^^
        File "/Library/Frameworks/Python.framework/Versions/3.14/lib/python3.14/site-packages/pip/_vendor/pyproject_hooks/_in_process/_in_process.py", line 373, in main
          json_out["return_val"] = hook(**hook_input["kwargs"])
                                   ~~~~^^^^^^^^^^^^^^^^^^^^^^^^
        File "/Library/Frameworks/Python.framework/Versions/3.14/lib/python3.14/site-packages/pip/_vendor/pyproject_hooks/_in_process/_in_process.py", line 280, in build_wheel
          return _build_backend().build_wheel(
                 ~~~~~~~~~~~~~~~~~~~~~~~~~~~~^
              wheel_directory, config_settings, metadata_directory
              ^^^^^^^^^^^^^^^^^^^^^^^^^^^^^^^^^^^^^^^^^^^^^^^^^^^^
          )
          ^
        File "/private/var/folders/qv/xq09wxnx48d571rvb_fgr5kc0000gn/T/pip-install-d6i3e_z8/pillow_9a8aefdec72047dca776f3edaa4c4231/_custom_build/backend.py", line 26, in build_wheel
          return super().build_wheel(wheel_directory, config_settings, metadata_directory)
                 ~~~~~~~~~~~~~~~~~~~^^^^^^^^^^^^^^^^^^^^^^^^^^^^^^^^^^^^^^^^^^^^^^^^^^^^^^
        File "/private/var/folders/qv/xq09wxnx48d571rvb_fgr5kc0000gn/T/pip-build-env-y28twmk6/overlay/lib/python3.14/site-packages/setuptools/build_meta.py", line 435, in build_wheel
          return _build(['bdist_wheel', '--dist-info-dir', str(metadata_directory)])
        File "/private/var/folders/qv/xq09wxnx48d571rvb_fgr5kc0000gn/T/pip-build-env-y28twmk6/overlay/lib/python3.14/site-packages/setuptools/build_meta.py", line 423, in _build
          return self._build_with_temp_dir(
                 ~~~~~~~~~~~~~~~~~~~~~~~~~^
              cmd,
              ^^^^
          ...<3 lines>...
              self._arbitrary_args(config_settings),
              ^^^^^^^^^^^^^^^^^^^^^^^^^^^^^^^^^^^^^^
          )
          ^
        File "/private/var/folders/qv/xq09wxnx48d571rvb_fgr5kc0000gn/T/pip-build-env-y28twmk6/overlay/lib/python3.14/site-packages/setuptools/build_meta.py", line 404, in _build_with_temp_dir
          self.run_setup()
          ~~~~~~~~~~~~~~^^
        File "/private/var/folders/qv/xq09wxnx48d571rvb_fgr5kc0000gn/T/pip-install-d6i3e_z8/pillow_9a8aefdec72047dca776f3edaa4c4231/_custom_build/backend.py", line 20, in run_setup
          return super().run_setup(setup_script)
                 ~~~~~~~~~~~~~~~~~^^^^^^^^^^^^^^
        File "/private/var/folders/qv/xq09wxnx48d571rvb_fgr5kc0000gn/T/pip-build-env-y28twmk6/overlay/lib/python3.14/site-packages/setuptools/build_meta.py", line 317, in run_setup
          exec(code, locals())
          ~~~~^^^^^^^^^^^^^^^^
        File "<string>", line 1028, in <module>
      RequiredDependencyException:
      
      The headers or library files could not be found for jpeg,
      a required dependency when compiling Pillow from source.
      
      Please see the install instructions at:
         https://pillow.readthedocs.io/en/latest/installation/basic-installation.html
      
      
      [end of output]
  
  note: This error originates from a subprocess, and is likely not a problem with pip.
  ERROR: Failed building wheel for pillow
Failed to build pillow
error: failed-wheel-build-for-install

× Failed to build installable wheels for some pyproject.toml based projects
╰─> pillow
